WARNING: You're using the Ruby-based MySQL library that ships with Rails. This library is not suited for production. Please install the C-based MySQL library instead (gem install mysql).
WARNING: You're using the Ruby-based MySQL library that ships with Rails. This library is not suited for production. Please install the C-based MySQL library instead (gem install mysql).
WARNING: You're using the Ruby-based MySQL library that ships with Rails. This library is not suited for production. Please install the C-based MySQL library instead (gem install mysql).
  [4;36;1mSQL (0.248687)[0m   [0;1mSET SQL_AUTO_IS_NULL=0[0m
  [4;35;1mSQL (0.097636)[0m   [0mCREATE DATABASE `mouth_development` DEFAULT CHARACTER SET `utf8` COLLATE `utf8_general_ci`[0m
  [4;36;1mSQL (0.000180)[0m   [0;1mSET SQL_AUTO_IS_NULL=0[0m
  [4;35;1mSQL (0.000457)[0m   [0mCREATE DATABASE `mouth_test` DEFAULT CHARACTER SET `utf8` COLLATE `utf8_general_ci`[0m
WARNING: You're using the Ruby-based MySQL library that ships with Rails. This library is not suited for production. Please install the C-based MySQL library instead (gem install mysql).
  [4;36;1mSQL (0.000159)[0m   [0;1mSET SQL_AUTO_IS_NULL=0[0m
  [4;35;1mSQL (0.093146)[0m   [0mSHOW TABLES[0m
  [4;36;1mSQL (0.663956)[0m   [0;1mCREATE TABLE `schema_migrations` (`version` varchar(255) NOT NULL) ENGINE=InnoDB[0m
  [4;35;1mSQL (0.203935)[0m   [0mCREATE UNIQUE INDEX `unique_schema_migrations` ON `schema_migrations` (`version`)[0m
  [4;36;1mSQL (0.000768)[0m   [0;1mSHOW TABLES[0m
  [4;35;1mSQL (0.000685)[0m   [0mSELECT version FROM schema_migrations[0m
Migrating to CreateUsers (20080504154944)
  [4;36;1mSQL (0.068097)[0m   [0;1mSELECT version FROM schema_migrations[0m
  [4;35;1mSQL (0.000000)[0m   [0mMysql::Error: #42S02Unknown table 'users': DROP TABLE `users`[0m
  [4;36;1mSQL (0.044107)[0m   [0;1mCREATE TABLE `users` (`id` int(11) DEFAULT NULL auto_increment PRIMARY KEY, `login` varchar(255) DEFAULT NULL, `email` varchar(255) DEFAULT NULL, `crypted_password` varchar(40) DEFAULT NULL, `salt` varchar(40) DEFAULT NULL, `created_at` datetime DEFAULT NULL, `updated_at` datetime DEFAULT NULL, `remember_token` varchar(255) DEFAULT NULL, `remember_token_expires_at` datetime DEFAULT NULL, `state` varchar(255) DEFAULT 'passive', `deleted_at` datetime DEFAULT NULL) ENGINE=InnoDB[0m
  [4;35;1mSQL (0.000980)[0m   [0mINSERT INTO schema_migrations (version) VALUES ('20080504154944')[0m
  [4;36;1mSQL (0.000369)[0m   [0;1mSELECT version FROM schema_migrations[0m
  [4;35;1mSQL (0.000393)[0m   [0mSHOW TABLES[0m
  [4;36;1mSQL (0.097147)[0m   [0;1mSHOW FIELDS FROM `users`[0m
  [4;35;1mSQL (0.002967)[0m   [0mdescribe `users`[0m
  [4;36;1mSQL (0.001200)[0m   [0;1mSHOW KEYS FROM `users`[0m
WARNING: You're using the Ruby-based MySQL library that ships with Rails. This library is not suited for production. Please install the C-based MySQL library instead (gem install mysql).
  [4;36;1mSQL (0.000157)[0m   [0;1mSET SQL_AUTO_IS_NULL=0[0m
  [4;35;1mSQL (0.000443)[0m   [0mSHOW TABLES[0m
  [4;36;1mSQL (0.000262)[0m   [0;1mSELECT version FROM schema_migrations[0m
  [4;35;1mSQL (0.000347)[0m   [0mSELECT version FROM schema_migrations[0m
  [4;36;1mSQL (0.000384)[0m   [0;1mSHOW TABLES[0m
  [4;35;1mSQL (0.002303)[0m   [0mSHOW FIELDS FROM `users`[0m
  [4;36;1mSQL (0.002062)[0m   [0;1mdescribe `users`[0m
  [4;35;1mSQL (0.000820)[0m   [0mSHOW KEYS FROM `users`[0m
  [4;36;1mSQL (0.000163)[0m   [0;1mSET SQL_AUTO_IS_NULL=0[0m
  [4;35;1mSQL (0.119318)[0m   [0mDROP DATABASE IF EXISTS `mouth_test`[0m
  [4;36;1mSQL (0.000638)[0m   [0;1mCREATE DATABASE `mouth_test` DEFAULT CHARACTER SET `utf8`[0m
  [4;35;1mSQL (0.000189)[0m   [0mSET SQL_AUTO_IS_NULL=0[0m
  [4;36;1mSQL (0.000000)[0m   [0;1mMysql::Error: #42S02Unknown table 'users': DROP TABLE `users`[0m
  [4;35;1mSQL (0.029202)[0m   [0mCREATE TABLE `users` (`id` int(11) DEFAULT NULL auto_increment PRIMARY KEY, `login` varchar(255) DEFAULT NULL, `email` varchar(255) DEFAULT NULL, `crypted_password` varchar(40) DEFAULT NULL, `salt` varchar(40) DEFAULT NULL, `created_at` datetime DEFAULT NULL, `updated_at` datetime DEFAULT NULL, `remember_token` varchar(255) DEFAULT NULL, `remember_token_expires_at` datetime DEFAULT NULL, `state` varchar(255) DEFAULT 'passive', `deleted_at` datetime DEFAULT NULL) ENGINE=InnoDB[0m
  [4;36;1mSQL (0.000664)[0m   [0;1mSHOW TABLES[0m
  [4;35;1mSQL (0.003337)[0m   [0mCREATE TABLE `schema_migrations` (`version` varchar(255) NOT NULL) ENGINE=InnoDB[0m
  [4;36;1mSQL (0.030361)[0m   [0;1mCREATE UNIQUE INDEX `unique_schema_migrations` ON `schema_migrations` (`version`)[0m
  [4;35;1mSQL (0.000679)[0m   [0mSHOW TABLES[0m
  [4;36;1mSQL (0.000612)[0m   [0;1mSELECT version FROM `schema_migrations`[0m
  [4;35;1mSQL (0.001182)[0m   [0mINSERT INTO `schema_migrations` (version) VALUES ('20080504154944')[0m
WARNING: You're using the Ruby-based MySQL library that ships with Rails. This library is not suited for production. Please install the C-based MySQL library instead (gem install mysql).
  [4;36;1mSQL (0.000157)[0m   [0;1mSET SQL_AUTO_IS_NULL=0[0m
  [4;35;1mSQL (0.000453)[0m   [0mSHOW TABLES[0m
  [4;36;1mSQL (0.000286)[0m   [0;1mSELECT version FROM schema_migrations[0m
  [4;35;1mSQL (0.000500)[0m   [0mSELECT version FROM schema_migrations[0m
  [4;36;1mSQL (0.000466)[0m   [0;1mSHOW TABLES[0m
  [4;35;1mSQL (0.011958)[0m   [0mSHOW FIELDS FROM `users`[0m
  [4;36;1mSQL (0.002902)[0m   [0;1mdescribe `users`[0m
  [4;35;1mSQL (0.001220)[0m   [0mSHOW KEYS FROM `users`[0m
  [4;36;1mSQL (0.000152)[0m   [0;1mSET SQL_AUTO_IS_NULL=0[0m
  [4;35;1mSQL (0.030854)[0m   [0mDROP DATABASE IF EXISTS `mouth_test`[0m
  [4;36;1mSQL (0.000506)[0m   [0;1mCREATE DATABASE `mouth_test` DEFAULT CHARACTER SET `utf8`[0m
  [4;35;1mSQL (0.000156)[0m   [0mSET SQL_AUTO_IS_NULL=0[0m
  [4;36;1mSQL (0.000000)[0m   [0;1mMysql::Error: #42S02Unknown table 'users': DROP TABLE `users`[0m
  [4;35;1mSQL (0.040277)[0m   [0mCREATE TABLE `users` (`id` int(11) DEFAULT NULL auto_increment PRIMARY KEY, `login` varchar(255) DEFAULT NULL, `email` varchar(255) DEFAULT NULL, `crypted_password` varchar(40) DEFAULT NULL, `salt` varchar(40) DEFAULT NULL, `created_at` datetime DEFAULT NULL, `updated_at` datetime DEFAULT NULL, `remember_token` varchar(255) DEFAULT NULL, `remember_token_expires_at` datetime DEFAULT NULL, `state` varchar(255) DEFAULT 'passive', `deleted_at` datetime DEFAULT NULL) ENGINE=InnoDB[0m
  [4;36;1mSQL (0.000944)[0m   [0;1mSHOW TABLES[0m
  [4;35;1mSQL (0.002702)[0m   [0mCREATE TABLE `schema_migrations` (`version` varchar(255) NOT NULL) ENGINE=InnoDB[0m
  [4;36;1mSQL (0.097632)[0m   [0;1mCREATE UNIQUE INDEX `unique_schema_migrations` ON `schema_migrations` (`version`)[0m
  [4;35;1mSQL (0.000502)[0m   [0mSHOW TABLES[0m
  [4;36;1mSQL (0.000496)[0m   [0;1mSELECT version FROM `schema_migrations`[0m
  [4;35;1mSQL (0.000723)[0m   [0mINSERT INTO `schema_migrations` (version) VALUES ('20080504154944')[0m
WARNING: You're using the Ruby-based MySQL library that ships with Rails. This library is not suited for production. Please install the C-based MySQL library instead (gem install mysql).
  [4;36;1mSQL (0.000182)[0m   [0;1mSET SQL_AUTO_IS_NULL=0[0m
  [4;35;1mSQL (0.006155)[0m   [0mSHOW TABLES[0m
  [4;36;1mSQL (0.000404)[0m   [0;1mSELECT version FROM schema_migrations[0m
  [4;35;1mSQL (0.000686)[0m   [0mSELECT version FROM schema_migrations[0m
  [4;36;1mSQL (0.000666)[0m   [0;1mSHOW TABLES[0m
  [4;35;1mSQL (0.003098)[0m   [0mSHOW FIELDS FROM `users`[0m
  [4;36;1mSQL (0.002816)[0m   [0;1mdescribe `users`[0m
  [4;35;1mSQL (0.001309)[0m   [0mSHOW KEYS FROM `users`[0m
  [4;36;1mSQL (0.000171)[0m   [0;1mSET SQL_AUTO_IS_NULL=0[0m
  [4;35;1mSQL (0.039281)[0m   [0mDROP DATABASE IF EXISTS `mouth_test`[0m
  [4;36;1mSQL (0.000697)[0m   [0;1mCREATE DATABASE `mouth_test` DEFAULT CHARACTER SET `utf8`[0m
  [4;35;1mSQL (0.000171)[0m   [0mSET SQL_AUTO_IS_NULL=0[0m
  [4;36;1mSQL (0.000000)[0m   [0;1mMysql::Error: #42S02Unknown table 'users': DROP TABLE `users`[0m
  [4;35;1mSQL (0.028622)[0m   [0mCREATE TABLE `users` (`id` int(11) DEFAULT NULL auto_increment PRIMARY KEY, `login` varchar(255) DEFAULT NULL, `email` varchar(255) DEFAULT NULL, `crypted_password` varchar(40) DEFAULT NULL, `salt` varchar(40) DEFAULT NULL, `created_at` datetime DEFAULT NULL, `updated_at` datetime DEFAULT NULL, `remember_token` varchar(255) DEFAULT NULL, `remember_token_expires_at` datetime DEFAULT NULL, `state` varchar(255) DEFAULT 'passive', `deleted_at` datetime DEFAULT NULL) ENGINE=InnoDB[0m
  [4;36;1mSQL (0.000631)[0m   [0;1mSHOW TABLES[0m
  [4;35;1mSQL (0.017666)[0m   [0mCREATE TABLE `schema_migrations` (`version` varchar(255) NOT NULL) ENGINE=InnoDB[0m
  [4;36;1mSQL (0.053588)[0m   [0;1mCREATE UNIQUE INDEX `unique_schema_migrations` ON `schema_migrations` (`version`)[0m
  [4;35;1mSQL (0.000748)[0m   [0mSHOW TABLES[0m
  [4;36;1mSQL (0.000798)[0m   [0;1mSELECT version FROM `schema_migrations`[0m
  [4;35;1mSQL (0.001054)[0m   [0mINSERT INTO `schema_migrations` (version) VALUES ('20080504154944')[0m
WARNING: You're using the Ruby-based MySQL library that ships with Rails. This library is not suited for production. Please install the C-based MySQL library instead (gem install mysql).
  [4;36;1mSQL (0.000161)[0m   [0;1mSET SQL_AUTO_IS_NULL=0[0m
  [4;35;1mSQL (0.000432)[0m   [0mSHOW TABLES[0m
  [4;36;1mSQL (0.000288)[0m   [0;1mSELECT version FROM schema_migrations[0m
  [4;35;1mSQL (0.000302)[0m   [0mSELECT version FROM schema_migrations[0m
  [4;36;1mSQL (0.000370)[0m   [0;1mSHOW TABLES[0m
  [4;35;1mSQL (0.002304)[0m   [0mSHOW FIELDS FROM `users`[0m
  [4;36;1mSQL (0.002002)[0m   [0;1mdescribe `users`[0m
  [4;35;1mSQL (0.000777)[0m   [0mSHOW KEYS FROM `users`[0m
  [4;36;1mSQL (0.000151)[0m   [0;1mSET SQL_AUTO_IS_NULL=0[0m
  [4;35;1mSQL (0.078334)[0m   [0mDROP DATABASE IF EXISTS `mouth_test`[0m
  [4;36;1mSQL (0.000742)[0m   [0;1mCREATE DATABASE `mouth_test` DEFAULT CHARACTER SET `utf8`[0m
  [4;35;1mSQL (0.000171)[0m   [0mSET SQL_AUTO_IS_NULL=0[0m
  [4;36;1mSQL (0.000000)[0m   [0;1mMysql::Error: #42S02Unknown table 'users': DROP TABLE `users`[0m
  [4;35;1mSQL (0.002237)[0m   [0mCREATE TABLE `users` (`id` int(11) DEFAULT NULL auto_increment PRIMARY KEY, `login` varchar(255) DEFAULT NULL, `email` varchar(255) DEFAULT NULL, `crypted_password` varchar(40) DEFAULT NULL, `salt` varchar(40) DEFAULT NULL, `created_at` datetime DEFAULT NULL, `updated_at` datetime DEFAULT NULL, `remember_token` varchar(255) DEFAULT NULL, `remember_token_expires_at` datetime DEFAULT NULL, `state` varchar(255) DEFAULT 'passive', `deleted_at` datetime DEFAULT NULL) ENGINE=InnoDB[0m
  [4;36;1mSQL (0.000417)[0m   [0;1mSHOW TABLES[0m
  [4;35;1mSQL (0.001678)[0m   [0mCREATE TABLE `schema_migrations` (`version` varchar(255) NOT NULL) ENGINE=InnoDB[0m
  [4;36;1mSQL (0.006165)[0m   [0;1mCREATE UNIQUE INDEX `unique_schema_migrations` ON `schema_migrations` (`version`)[0m
  [4;35;1mSQL (0.000843)[0m   [0mSHOW TABLES[0m
  [4;36;1mSQL (0.000746)[0m   [0;1mSELECT version FROM `schema_migrations`[0m
  [4;35;1mSQL (0.032584)[0m   [0mINSERT INTO `schema_migrations` (version) VALUES ('20080504154944')[0m
WARNING: You're using the Ruby-based MySQL library that ships with Rails. This library is not suited for production. Please install the C-based MySQL library instead (gem install mysql).
  [4;36;1mSQL (0.038738)[0m   [0;1mSET SQL_AUTO_IS_NULL=0[0m
  [4;35;1mSQL (0.047331)[0m   [0mSHOW TABLES[0m
  [4;36;1mSQL (0.191087)[0m   [0;1mSELECT version FROM schema_migrations[0m
  [4;35;1mSQL (0.000498)[0m   [0mSELECT version FROM schema_migrations[0m
  [4;36;1mSQL (0.016720)[0m   [0;1mSHOW TABLES[0m
  [4;35;1mSQL (0.174021)[0m   [0mSHOW FIELDS FROM `users`[0m
  [4;36;1mSQL (0.003072)[0m   [0;1mdescribe `users`[0m
  [4;35;1mSQL (0.060425)[0m   [0mSHOW KEYS FROM `users`[0m
  [4;36;1mSQL (0.000158)[0m   [0;1mSET SQL_AUTO_IS_NULL=0[0m
  [4;35;1mSQL (0.461344)[0m   [0mDROP DATABASE IF EXISTS `mouth_test`[0m
  [4;36;1mSQL (0.042565)[0m   [0;1mCREATE DATABASE `mouth_test` DEFAULT CHARACTER SET `utf8`[0m
  [4;35;1mSQL (0.000159)[0m   [0mSET SQL_AUTO_IS_NULL=0[0m
  [4;36;1mSQL (0.000000)[0m   [0;1mMysql::Error: #42S02Unknown table 'users': DROP TABLE `users`[0m
  [4;35;1mSQL (0.181479)[0m   [0mCREATE TABLE `users` (`id` int(11) DEFAULT NULL auto_increment PRIMARY KEY, `login` varchar(255) DEFAULT NULL, `email` varchar(255) DEFAULT NULL, `crypted_password` varchar(40) DEFAULT NULL, `salt` varchar(40) DEFAULT NULL, `created_at` datetime DEFAULT NULL, `updated_at` datetime DEFAULT NULL, `remember_token` varchar(255) DEFAULT NULL, `remember_token_expires_at` datetime DEFAULT NULL, `state` varchar(255) DEFAULT 'passive', `deleted_at` datetime DEFAULT NULL) ENGINE=InnoDB[0m
  [4;36;1mSQL (0.000749)[0m   [0;1mSHOW TABLES[0m
  [4;35;1mSQL (0.002825)[0m   [0mCREATE TABLE `schema_migrations` (`version` varchar(255) NOT NULL) ENGINE=InnoDB[0m
  [4;36;1mSQL (0.068525)[0m   [0;1mCREATE UNIQUE INDEX `unique_schema_migrations` ON `schema_migrations` (`version`)[0m
  [4;35;1mSQL (0.000882)[0m   [0mSHOW TABLES[0m
  [4;36;1mSQL (0.000786)[0m   [0;1mSELECT version FROM `schema_migrations`[0m
  [4;35;1mSQL (0.000883)[0m   [0mINSERT INTO `schema_migrations` (version) VALUES ('20080504154944')[0m
WARNING: You're using the Ruby-based MySQL library that ships with Rails. This library is not suited for production. Please install the C-based MySQL library instead (gem install mysql).
  [4;36;1mSQL (0.000162)[0m   [0;1mSET SQL_AUTO_IS_NULL=0[0m
  [4;35;1mSQL (0.000438)[0m   [0mSHOW TABLES[0m
  [4;36;1mSQL (0.000287)[0m   [0;1mSELECT version FROM schema_migrations[0m
  [4;35;1mSQL (0.000302)[0m   [0mSELECT version FROM schema_migrations[0m
  [4;36;1mSQL (0.000375)[0m   [0;1mSHOW TABLES[0m
  [4;35;1mSQL (0.011899)[0m   [0mSHOW FIELDS FROM `users`[0m
  [4;36;1mSQL (0.002825)[0m   [0;1mdescribe `users`[0m
  [4;35;1mSQL (0.001165)[0m   [0mSHOW KEYS FROM `users`[0m
  [4;36;1mSQL (0.000179)[0m   [0;1mSET SQL_AUTO_IS_NULL=0[0m
  [4;35;1mSQL (0.002650)[0m   [0mDROP DATABASE IF EXISTS `mouth_test`[0m
  [4;36;1mSQL (0.000357)[0m   [0;1mCREATE DATABASE `mouth_test` DEFAULT CHARACTER SET `utf8`[0m
  [4;35;1mSQL (0.000226)[0m   [0mSET SQL_AUTO_IS_NULL=0[0m
  [4;36;1mSQL (0.000000)[0m   [0;1mMysql::Error: #42S02Unknown table 'users': DROP TABLE `users`[0m
  [4;35;1mSQL (0.050748)[0m   [0mCREATE TABLE `users` (`id` int(11) DEFAULT NULL auto_increment PRIMARY KEY, `login` varchar(255) DEFAULT NULL, `email` varchar(255) DEFAULT NULL, `crypted_password` varchar(40) DEFAULT NULL, `salt` varchar(40) DEFAULT NULL, `created_at` datetime DEFAULT NULL, `updated_at` datetime DEFAULT NULL, `remember_token` varchar(255) DEFAULT NULL, `remember_token_expires_at` datetime DEFAULT NULL, `state` varchar(255) DEFAULT 'passive', `deleted_at` datetime DEFAULT NULL) ENGINE=InnoDB[0m
  [4;36;1mSQL (0.000936)[0m   [0;1mSHOW TABLES[0m
  [4;35;1mSQL (0.002155)[0m   [0mCREATE TABLE `schema_migrations` (`version` varchar(255) NOT NULL) ENGINE=InnoDB[0m
  [4;36;1mSQL (0.056283)[0m   [0;1mCREATE UNIQUE INDEX `unique_schema_migrations` ON `schema_migrations` (`version`)[0m
  [4;35;1mSQL (0.000798)[0m   [0mSHOW TABLES[0m
  [4;36;1mSQL (0.000583)[0m   [0;1mSELECT version FROM `schema_migrations`[0m
  [4;35;1mSQL (0.000722)[0m   [0mINSERT INTO `schema_migrations` (version) VALUES ('20080504154944')[0m
WARNING: You're using the Ruby-based MySQL library that ships with Rails. This library is not suited for production. Please install the C-based MySQL library instead (gem install mysql).
  [4;36;1mSQL (0.000162)[0m   [0;1mSET SQL_AUTO_IS_NULL=0[0m
  [4;35;1mSQL (0.000496)[0m   [0mSHOW TABLES[0m
  [4;36;1mSQL (0.000284)[0m   [0;1mSELECT version FROM schema_migrations[0m
  [4;35;1mSQL (0.000313)[0m   [0mSELECT version FROM schema_migrations[0m
  [4;36;1mSQL (0.000377)[0m   [0;1mSHOW TABLES[0m
  [4;35;1mSQL (0.011935)[0m   [0mSHOW FIELDS FROM `users`[0m
  [4;36;1mSQL (0.002978)[0m   [0;1mdescribe `users`[0m
  [4;35;1mSQL (0.001173)[0m   [0mSHOW KEYS FROM `users`[0m
  [4;36;1mSQL (0.000168)[0m   [0;1mSET SQL_AUTO_IS_NULL=0[0m
  [4;35;1mSQL (0.002771)[0m   [0mDROP DATABASE IF EXISTS `mouth_test`[0m
  [4;36;1mSQL (0.000365)[0m   [0;1mCREATE DATABASE `mouth_test` DEFAULT CHARACTER SET `utf8`[0m
  [4;35;1mSQL (0.000228)[0m   [0mSET SQL_AUTO_IS_NULL=0[0m
  [4;36;1mSQL (0.000000)[0m   [0;1mMysql::Error: #42S02Unknown table 'users': DROP TABLE `users`[0m
  [4;35;1mSQL (0.059072)[0m   [0mCREATE TABLE `users` (`id` int(11) DEFAULT NULL auto_increment PRIMARY KEY, `login` varchar(255) DEFAULT NULL, `email` varchar(255) DEFAULT NULL, `crypted_password` varchar(40) DEFAULT NULL, `salt` varchar(40) DEFAULT NULL, `created_at` datetime DEFAULT NULL, `updated_at` datetime DEFAULT NULL, `remember_token` varchar(255) DEFAULT NULL, `remember_token_expires_at` datetime DEFAULT NULL, `state` varchar(255) DEFAULT 'passive', `deleted_at` datetime DEFAULT NULL) ENGINE=InnoDB[0m
  [4;36;1mSQL (0.000743)[0m   [0;1mSHOW TABLES[0m
  [4;35;1mSQL (0.002328)[0m   [0mCREATE TABLE `schema_migrations` (`version` varchar(255) NOT NULL) ENGINE=InnoDB[0m
  [4;36;1mSQL (0.005698)[0m   [0;1mCREATE UNIQUE INDEX `unique_schema_migrations` ON `schema_migrations` (`version`)[0m
  [4;35;1mSQL (0.000676)[0m   [0mSHOW TABLES[0m
  [4;36;1mSQL (0.000565)[0m   [0;1mSELECT version FROM `schema_migrations`[0m
  [4;35;1mSQL (0.000951)[0m   [0mINSERT INTO `schema_migrations` (version) VALUES ('20080504154944')[0m
WARNING: You're using the Ruby-based MySQL library that ships with Rails. This library is not suited for production. Please install the C-based MySQL library instead (gem install mysql).
  [4;36;1mSQL (0.000162)[0m   [0;1mSET SQL_AUTO_IS_NULL=0[0m
  [4;35;1mSQL (0.000435)[0m   [0mSHOW TABLES[0m
  [4;36;1mSQL (0.000292)[0m   [0;1mSELECT version FROM schema_migrations[0m
  [4;35;1mSQL (0.000295)[0m   [0mSELECT version FROM schema_migrations[0m
  [4;36;1mSQL (0.000373)[0m   [0;1mSHOW TABLES[0m
  [4;35;1mSQL (0.011806)[0m   [0mSHOW FIELDS FROM `users`[0m
  [4;36;1mSQL (0.003044)[0m   [0;1mdescribe `users`[0m
  [4;35;1mSQL (0.001363)[0m   [0mSHOW KEYS FROM `users`[0m
  [4;36;1mSQL (0.000166)[0m   [0;1mSET SQL_AUTO_IS_NULL=0[0m
  [4;35;1mSQL (0.002754)[0m   [0mDROP DATABASE IF EXISTS `mouth_test`[0m
  [4;36;1mSQL (0.000356)[0m   [0;1mCREATE DATABASE `mouth_test` DEFAULT CHARACTER SET `utf8`[0m
  [4;35;1mSQL (0.000156)[0m   [0mSET SQL_AUTO_IS_NULL=0[0m
  [4;36;1mSQL (0.000000)[0m   [0;1mMysql::Error: #42S02Unknown table 'users': DROP TABLE `users`[0m
  [4;35;1mSQL (0.026902)[0m   [0mCREATE TABLE `users` (`id` int(11) DEFAULT NULL auto_increment PRIMARY KEY, `login` varchar(255) DEFAULT NULL, `email` varchar(255) DEFAULT NULL, `crypted_password` varchar(40) DEFAULT NULL, `salt` varchar(40) DEFAULT NULL, `created_at` datetime DEFAULT NULL, `updated_at` datetime DEFAULT NULL, `remember_token` varchar(255) DEFAULT NULL, `remember_token_expires_at` datetime DEFAULT NULL, `state` varchar(255) DEFAULT 'passive', `deleted_at` datetime DEFAULT NULL) ENGINE=InnoDB[0m
  [4;36;1mSQL (0.000953)[0m   [0;1mSHOW TABLES[0m
  [4;35;1mSQL (0.001870)[0m   [0mCREATE TABLE `schema_migrations` (`version` varchar(255) NOT NULL) ENGINE=InnoDB[0m
  [4;36;1mSQL (0.005468)[0m   [0;1mCREATE UNIQUE INDEX `unique_schema_migrations` ON `schema_migrations` (`version`)[0m
  [4;35;1mSQL (0.000692)[0m   [0mSHOW TABLES[0m
  [4;36;1mSQL (0.000615)[0m   [0;1mSELECT version FROM `schema_migrations`[0m
  [4;35;1mSQL (0.000567)[0m   [0mINSERT INTO `schema_migrations` (version) VALUES ('20080504154944')[0m
WARNING: You're using the Ruby-based MySQL library that ships with Rails. This library is not suited for production. Please install the C-based MySQL library instead (gem install mysql).
  [4;36;1mSQL (0.000159)[0m   [0;1mSET SQL_AUTO_IS_NULL=0[0m
  [4;35;1mSQL (0.000476)[0m   [0mSHOW TABLES[0m
  [4;36;1mSQL (0.000288)[0m   [0;1mSELECT version FROM schema_migrations[0m
  [4;35;1mSQL (0.000308)[0m   [0mSELECT version FROM schema_migrations[0m
  [4;36;1mSQL (0.000374)[0m   [0;1mSHOW TABLES[0m
  [4;35;1mSQL (0.011824)[0m   [0mSHOW FIELDS FROM `users`[0m
  [4;36;1mSQL (0.002881)[0m   [0;1mdescribe `users`[0m
  [4;35;1mSQL (0.001167)[0m   [0mSHOW KEYS FROM `users`[0m
  [4;36;1mSQL (0.000165)[0m   [0;1mSET SQL_AUTO_IS_NULL=0[0m
  [4;35;1mSQL (0.002727)[0m   [0mDROP DATABASE IF EXISTS `mouth_test`[0m
  [4;36;1mSQL (0.000422)[0m   [0;1mCREATE DATABASE `mouth_test` DEFAULT CHARACTER SET `utf8`[0m
  [4;35;1mSQL (0.000169)[0m   [0mSET SQL_AUTO_IS_NULL=0[0m
  [4;36;1mSQL (0.000000)[0m   [0;1mMysql::Error: #42S02Unknown table 'users': DROP TABLE `users`[0m
  [4;35;1mSQL (0.038563)[0m   [0mCREATE TABLE `users` (`id` int(11) DEFAULT NULL auto_increment PRIMARY KEY, `login` varchar(255) DEFAULT NULL, `email` varchar(255) DEFAULT NULL, `crypted_password` varchar(40) DEFAULT NULL, `salt` varchar(40) DEFAULT NULL, `created_at` datetime DEFAULT NULL, `updated_at` datetime DEFAULT NULL, `remember_token` varchar(255) DEFAULT NULL, `remember_token_expires_at` datetime DEFAULT NULL, `state` varchar(255) DEFAULT 'passive', `deleted_at` datetime DEFAULT NULL) ENGINE=InnoDB[0m
  [4;36;1mSQL (0.000691)[0m   [0;1mSHOW TABLES[0m
  [4;35;1mSQL (0.002600)[0m   [0mCREATE TABLE `schema_migrations` (`version` varchar(255) NOT NULL) ENGINE=InnoDB[0m
  [4;36;1mSQL (0.005030)[0m   [0;1mCREATE UNIQUE INDEX `unique_schema_migrations` ON `schema_migrations` (`version`)[0m
  [4;35;1mSQL (0.000684)[0m   [0mSHOW TABLES[0m
  [4;36;1mSQL (0.000559)[0m   [0;1mSELECT version FROM `schema_migrations`[0m
  [4;35;1mSQL (0.000737)[0m   [0mINSERT INTO `schema_migrations` (version) VALUES ('20080504154944')[0m
